<?xml version="1.0" encoding="UTF-8"?>
<testng-results skipped="0" failed="0" ignored="0" total="1" passed="1">
  <reporter-output>
  </reporter-output>
  <suite name="Suite1" duration-ms="23597" started-at="2019-03-16T02:13:58Z" finished-at="2019-03-16T02:14:22Z">
    <groups>
      <group name="cucumber">
        <method signature="AbstractTestNGCucumberTests.feature(cucumber.api.testng.CucumberFeatureWrapper)[pri:0, instance:com.runner.AmazonLogInRunner@614c5515]" name="feature" class="cucumber.api.testng.AbstractTestNGCucumberTests"/>
      </group> <!-- cucumber -->
    </groups>
    <test name="Nopackage" duration-ms="23597" started-at="2019-03-16T02:13:58Z" finished-at="2019-03-16T02:14:22Z">
      <class name="com.runner.AmazonLogInRunner">
        <test-method status="PASS" signature="setUpClass()[pri:0, instance:com.runner.AmazonLogInRunner@614c5515]" name="setUpClass" is-config="true" duration-ms="250" started-at="2019-03-15T22:13:58Z" finished-at="2019-03-15T22:13:58Z">
          <reporter-output>
          </reporter-output>
        </test-method> <!-- setUpClass -->
        <test-method status="PASS" signature="feature(cucumber.api.testng.CucumberFeatureWrapper)[pri:0, instance:com.runner.AmazonLogInRunner@614c5515]" name="feature" duration-ms="21873" started-at="2019-03-15T22:13:58Z" description="Runs Cucumber Feature" data-provider="features" finished-at="2019-03-15T22:14:20Z">
          <params>
            <param index="0">
              <value>
                <![CDATA[LogIn]]>
              </value>
            </param>
          </params>
          <reporter-output>
          </reporter-output>
        </test-method> <!-- feature -->
        <test-method status="PASS" signature="tearDownClass()[pri:0, instance:com.runner.AmazonLogInRunner@614c5515]" name="tearDownClass" is-config="true" duration-ms="1336" started-at="2019-03-15T22:14:20Z" finished-at="2019-03-15T22:14:22Z">
          <reporter-output>
          </reporter-output>
        </test-method> <!-- tearDownClass -->
      </class> <!-- com.runner.AmazonLogInRunner -->
    </test> <!-- Nopackage -->
  </suite> <!-- Suite1 -->
</testng-results>
